[2020-04-24T17:00:22.602] [ERROR] error - [Error: ENOENT: no such file or directory, open 'C:\Users\14145\Desktop\MM\my\(w_w)\资源下载\NbWANGPAN\serve\static\upload\5ea2a96a7eecaf4038b3561c'] {
  errno: -4058,
  code: 'ENOENT',
  syscall: 'open',
  path: 'C:\\Users\\14145\\Desktop\\MM\\my\\(w_w)\\资源下载\\NbWANGPAN\\serve\\static\\upload\\5ea2a96a7eecaf4038b3561c'
}
[2020-04-24T23:03:54.487] [ERROR] error - [Error: ENOENT: no such file or directory, open 'C:\Users\14145\Desktop\vue-music\(w_w)\资源下载\NbWANGPAN\serve\static\upload\5ea2ff5dd4beff4d95f8a390'] {
  errno: -4058,
  code: 'ENOENT',
  syscall: 'open',
  path: 'C:\\Users\\14145\\Desktop\\vue-music\\(w_w)\\资源下载\\NbWANGPAN\\serve\\static\\upload\\5ea2ff5dd4beff4d95f8a390'
}
[2020-04-24T23:04:01.787] [ERROR] error - [Error: ENOENT: no such file or directory, open 'C:\Users\14145\Desktop\vue-music\(w_w)\资源下载\NbWANGPAN\serve\static\upload\5ea2ff5dd4beff4d95f8a390'] {
  errno: -4058,
  code: 'ENOENT',
  syscall: 'open',
  path: 'C:\\Users\\14145\\Desktop\\vue-music\\(w_w)\\资源下载\\NbWANGPAN\\serve\\static\\upload\\5ea2ff5dd4beff4d95f8a390'
}
[2020-04-24T23:04:50.335] [ERROR] error - [Error: ENOENT: no such file or directory, open 'C:\Users\14145\Desktop\vue-music\(w_w)\资源下载\NbWANGPAN\serve\static\upload\5ea2ff5dd4beff4d95f8a390'] {
  errno: -4058,
  code: 'ENOENT',
  syscall: 'open',
  path: 'C:\\Users\\14145\\Desktop\\vue-music\\(w_w)\\资源下载\\NbWANGPAN\\serve\\static\\upload\\5ea2ff5dd4beff4d95f8a390'
}
