[2020-04-25T09:29:01.624] [INFO] default - {
  method: 'GET',
  url: '/api/cloudlist?foldId=',
  header: {
    host: 'localhost:3000',
    connection: 'keep-alive',
    accept: 'application/json, text/plain, */*',
    skyauth: 'auteyJhbGciOiJIUzI1NiIsInR5cCI6IkpXVCJ9.eyJ1c2VyIjoiYWRtaW4iLCJpYXQiOjE1ODc3NDA0OTgsImV4cCI6MTU4Nzc0MTA5OH0.CCaDccDzyIEJ8Nu-ENCZfDNJq4xAc-ExeISP64YKFyc',
    'user-agent': 'Mozilla/5.0 (Windows NT 10.0; Win64; x64) AppleWebKit/537.36 (KHTML, like Gecko) Chrome/81.0.4044.113 Safari/537.36',
    authid: 'ati5ea2ff48d4beff4d95f8a38f',
    origin: 'http://localhost:8082',
    'sec-fetch-site': 'same-site',
    'sec-fetch-mode': 'cors',
    'sec-fetch-dest': 'empty',
    referer: 'http://localhost:8082/cloud',
    'accept-encoding': 'gzip, deflate, br',
    'accept-language': 'zh-CN,zh;q=0.9,en;q=0.8',
    cookie: 'JSESSIONID=46B31C533CAC656B9D7BE3C66A5D0FAB; captcha=9nqx'
  }
}
[2020-04-25T09:38:41.567] [INFO] default - {
  method: 'POST',
  url: '/api/userlogin',
  header: {
    host: 'localhost:3000',
    connection: 'keep-alive',
    'content-length': '33',
    accept: 'application/json, text/plain, */*',
    skyauth: 'aut',
    authid: 'ati',
    'user-agent': 'Mozilla/5.0 (Windows NT 10.0; Win64; x64) AppleWebKit/537.36 (KHTML, like Gecko) Chrome/81.0.4044.113 Safari/537.36',
    'content-type': 'application/json;charset=UTF-8',
    origin: 'http://localhost:8082',
    'sec-fetch-site': 'same-site',
    'sec-fetch-mode': 'cors',
    'sec-fetch-dest': 'empty',
    referer: 'http://localhost:8082/',
    'accept-encoding': 'gzip, deflate, br',
    'accept-language': 'zh-CN,zh;q=0.9,en;q=0.8',
    cookie: 'JSESSIONID=46B31C533CAC656B9D7BE3C66A5D0FAB; captcha=9nqx'
  }
}
[2020-04-25T09:38:49.328] [INFO] default - {
  method: 'POST',
  url: '/api/userlogin',
  header: {
    host: 'localhost:3000',
    connection: 'keep-alive',
    'content-length': '34',
    accept: 'application/json, text/plain, */*',
    skyauth: 'aut',
    authid: 'ati',
    'user-agent': 'Mozilla/5.0 (Windows NT 10.0; Win64; x64) AppleWebKit/537.36 (KHTML, like Gecko) Chrome/81.0.4044.113 Safari/537.36',
    'content-type': 'application/json;charset=UTF-8',
    origin: 'http://localhost:8082',
    'sec-fetch-site': 'same-site',
    'sec-fetch-mode': 'cors',
    'sec-fetch-dest': 'empty',
    referer: 'http://localhost:8082/',
    'accept-encoding': 'gzip, deflate, br',
    'accept-language': 'zh-CN,zh;q=0.9,en;q=0.8',
    cookie: 'JSESSIONID=46B31C533CAC656B9D7BE3C66A5D0FAB; captcha=9nqx'
  }
}
[2020-04-25T09:38:54.405] [INFO] default - {
  method: 'POST',
  url: '/api/userlogin',
  header: {
    host: 'localhost:3000',
    connection: 'keep-alive',
    'content-length': '34',
    accept: 'application/json, text/plain, */*',
    skyauth: 'aut',
    authid: 'ati',
    'user-agent': 'Mozilla/5.0 (Windows NT 10.0; Win64; x64) AppleWebKit/537.36 (KHTML, like Gecko) Chrome/81.0.4044.113 Safari/537.36',
    'content-type': 'application/json;charset=UTF-8',
    origin: 'http://localhost:8082',
    'sec-fetch-site': 'same-site',
    'sec-fetch-mode': 'cors',
    'sec-fetch-dest': 'empty',
    referer: 'http://localhost:8082/',
    'accept-encoding': 'gzip, deflate, br',
    'accept-language': 'zh-CN,zh;q=0.9,en;q=0.8',
    cookie: 'JSESSIONID=46B31C533CAC656B9D7BE3C66A5D0FAB; captcha=9nqx'
  }
}
[2020-04-25T09:39:00.012] [INFO] default - {
  method: 'POST',
  url: '/api/userlogin',
  header: {
    host: 'localhost:3000',
    connection: 'keep-alive',
    'content-length': '33',
    accept: 'application/json, text/plain, */*',
    skyauth: 'aut',
    authid: 'ati',
    'user-agent': 'Mozilla/5.0 (Windows NT 10.0; Win64; x64) AppleWebKit/537.36 (KHTML, like Gecko) Chrome/81.0.4044.113 Safari/537.36',
    'content-type': 'application/json;charset=UTF-8',
    origin: 'http://localhost:8082',
    'sec-fetch-site': 'same-site',
    'sec-fetch-mode': 'cors',
    'sec-fetch-dest': 'empty',
    referer: 'http://localhost:8082/',
    'accept-encoding': 'gzip, deflate, br',
    'accept-language': 'zh-CN,zh;q=0.9,en;q=0.8',
    cookie: 'JSESSIONID=46B31C533CAC656B9D7BE3C66A5D0FAB; captcha=9nqx'
  }
}
[2020-04-25T09:39:00.110] [INFO] default - {
  method: 'GET',
  url: '/api/cloudlist?foldId=',
  header: {
    host: 'localhost:3000',
    connection: 'keep-alive',
    accept: 'application/json, text/plain, */*',
    skyauth: 'auteyJhbGciOiJIUzI1NiIsInR5cCI6IkpXVCJ9.eyJ1c2VyIjoiYWRtaW4iLCJpYXQiOjE1ODc3Nzg3NDAsImV4cCI6MTU4Nzc3OTM0MH0.Mdrv4Me6qMWOqX8Fx9CXQO9T2Ap-OfLn3lf43Vc4yAE',
    'user-agent': 'Mozilla/5.0 (Windows NT 10.0; Win64; x64) AppleWebKit/537.36 (KHTML, like Gecko) Chrome/81.0.4044.113 Safari/537.36',
    authid: 'ati5ea2ff48d4beff4d95f8a38f',
    origin: 'http://localhost:8082',
    'sec-fetch-site': 'same-site',
    'sec-fetch-mode': 'cors',
    'sec-fetch-dest': 'empty',
    referer: 'http://localhost:8082/cloud',
    'accept-encoding': 'gzip, deflate, br',
    'accept-language': 'zh-CN,zh;q=0.9,en;q=0.8',
    cookie: 'JSESSIONID=46B31C533CAC656B9D7BE3C66A5D0FAB; captcha=9nqx'
  }
}
