[2020-04-30T16:51:15.216] [INFO] default - {
  method: 'POST',
  url: '/api/userlogin',
  header: {
    host: 'localhost:3000',
    connection: 'keep-alive',
    'content-length': '37',
    accept: 'application/json, text/plain, */*',
    skyauth: 'autnull',
    authid: 'atinull',
    'user-agent': 'Mozilla/5.0 (Windows NT 10.0; Win64; x64) AppleWebKit/537.36 (KHTML, like Gecko) Chrome/81.0.4044.129 Safari/537.36',
    'content-type': 'application/json;charset=UTF-8',
    origin: 'http://localhost:8081',
    'sec-fetch-site': 'same-site',
    'sec-fetch-mode': 'cors',
    'sec-fetch-dest': 'empty',
    referer: 'http://localhost:8081/?redirect=%2Fcloud',
    'accept-encoding': 'gzip, deflate, br',
    'accept-language': 'zh-CN,zh;q=0.9,en;q=0.8',
    cookie: '49BAC005-7D5B-4231-8CEA-16939BEACD67=root; Admin-Token=admin-token; size=small; sidebarStatus=1; mt-session=s%3AxiYsoSUCdICYmN9YbdDy3cYl-Wb5QrJX.6Dl06nxyF2dR9Rjge2ECvl2WIJt6uCZ4HBGx79vBLOU'
  }
}
[2020-04-30T16:51:21.285] [INFO] default - {
  method: 'POST',
  url: '/api/userlogin',
  header: {
    host: 'localhost:3000',
    connection: 'keep-alive',
    'content-length': '35',
    accept: 'application/json, text/plain, */*',
    skyauth: 'autnull',
    authid: 'atinull',
    'user-agent': 'Mozilla/5.0 (Windows NT 10.0; Win64; x64) AppleWebKit/537.36 (KHTML, like Gecko) Chrome/81.0.4044.129 Safari/537.36',
    'content-type': 'application/json;charset=UTF-8',
    origin: 'http://localhost:8081',
    'sec-fetch-site': 'same-site',
    'sec-fetch-mode': 'cors',
    'sec-fetch-dest': 'empty',
    referer: 'http://localhost:8081/?redirect=%2Fcloud',
    'accept-encoding': 'gzip, deflate, br',
    'accept-language': 'zh-CN,zh;q=0.9,en;q=0.8',
    cookie: '49BAC005-7D5B-4231-8CEA-16939BEACD67=root; Admin-Token=admin-token; size=small; sidebarStatus=1; mt-session=s%3AxiYsoSUCdICYmN9YbdDy3cYl-Wb5QrJX.6Dl06nxyF2dR9Rjge2ECvl2WIJt6uCZ4HBGx79vBLOU'
  }
}
[2020-04-30T16:51:21.340] [INFO] default - {
  method: 'GET',
  url: '/api/cloudlist?foldId=',
  header: {
    host: 'localhost:3000',
    connection: 'keep-alive',
    accept: 'application/json, text/plain, */*',
    skyauth: 'auteyJhbGciOiJIUzI1NiIsInR5cCI6IkpXVCJ9.eyJ1c2VyIjoidGVzdDExMSIsImlhdCI6MTU4ODIzNjY4MSwiZXhwIjoxNTg4MjM3MjgxfQ.VuVR2ZmaRN4HiDB9ZpKOEvaTvE4WbxAAtSvp5BFCYDU',
    'user-agent': 'Mozilla/5.0 (Windows NT 10.0; Win64; x64) AppleWebKit/537.36 (KHTML, like Gecko) Chrome/81.0.4044.129 Safari/537.36',
    authid: 'ati5ea2a5b124b3ce134c16fa6e',
    origin: 'http://localhost:8081',
    'sec-fetch-site': 'same-site',
    'sec-fetch-mode': 'cors',
    'sec-fetch-dest': 'empty',
    referer: 'http://localhost:8081/cloud',
    'accept-encoding': 'gzip, deflate, br',
    'accept-language': 'zh-CN,zh;q=0.9,en;q=0.8',
    cookie: '49BAC005-7D5B-4231-8CEA-16939BEACD67=root; Admin-Token=admin-token; size=small; sidebarStatus=1; mt-session=s%3AxiYsoSUCdICYmN9YbdDy3cYl-Wb5QrJX.6Dl06nxyF2dR9Rjge2ECvl2WIJt6uCZ4HBGx79vBLOU'
  }
}
[2020-04-30T16:52:17.923] [INFO] default - {
  method: 'GET',
  url: '/api/cloudlist?foldId=',
  header: {
    host: 'localhost:3000',
    connection: 'keep-alive',
    accept: 'application/json, text/plain, */*',
    skyauth: 'auteyJhbGciOiJIUzI1NiIsInR5cCI6IkpXVCJ9.eyJ1c2VyIjoidGVzdDExMSIsImlhdCI6MTU4ODIzNjY4MSwiZXhwIjoxNTg4MjM3MjgxfQ.VuVR2ZmaRN4HiDB9ZpKOEvaTvE4WbxAAtSvp5BFCYDU',
    'user-agent': 'Mozilla/5.0 (Windows NT 10.0; Win64; x64) AppleWebKit/537.36 (KHTML, like Gecko) Chrome/81.0.4044.129 Safari/537.36',
    authid: 'ati5ea2a5b124b3ce134c16fa6e',
    origin: 'http://localhost:8081',
    'sec-fetch-site': 'same-site',
    'sec-fetch-mode': 'cors',
    'sec-fetch-dest': 'empty',
    referer: 'http://localhost:8081/cloud',
    'accept-encoding': 'gzip, deflate, br',
    'accept-language': 'zh-CN,zh;q=0.9,en;q=0.8',
    cookie: '49BAC005-7D5B-4231-8CEA-16939BEACD67=root; Admin-Token=admin-token; size=small; sidebarStatus=1; mt-session=s%3AxiYsoSUCdICYmN9YbdDy3cYl-Wb5QrJX.6Dl06nxyF2dR9Rjge2ECvl2WIJt6uCZ4HBGx79vBLOU'
  }
}
[2020-04-30T16:52:57.291] [INFO] default - {
  method: 'GET',
  url: '/api/cloudlist?foldId=',
  header: {
    host: 'localhost:3000',
    connection: 'keep-alive',
    accept: 'application/json, text/plain, */*',
    skyauth: 'auteyJhbGciOiJIUzI1NiIsInR5cCI6IkpXVCJ9.eyJ1c2VyIjoidGVzdDExMSIsImlhdCI6MTU4ODIzNjY4MSwiZXhwIjoxNTg4MjM3MjgxfQ.VuVR2ZmaRN4HiDB9ZpKOEvaTvE4WbxAAtSvp5BFCYDU',
    'user-agent': 'Mozilla/5.0 (Windows NT 10.0; Win64; x64) AppleWebKit/537.36 (KHTML, like Gecko) Chrome/81.0.4044.129 Safari/537.36',
    authid: 'ati5ea2a5b124b3ce134c16fa6e',
    origin: 'http://localhost:8081',
    'sec-fetch-site': 'same-site',
    'sec-fetch-mode': 'cors',
    'sec-fetch-dest': 'empty',
    referer: 'http://localhost:8081/cloud',
    'accept-encoding': 'gzip, deflate, br',
    'accept-language': 'zh-CN,zh;q=0.9,en;q=0.8',
    cookie: '49BAC005-7D5B-4231-8CEA-16939BEACD67=root; Admin-Token=admin-token; size=small; sidebarStatus=1; mt-session=s%3AxiYsoSUCdICYmN9YbdDy3cYl-Wb5QrJX.6Dl06nxyF2dR9Rjge2ECvl2WIJt6uCZ4HBGx79vBLOU'
  }
}
[2020-04-30T16:54:38.876] [INFO] default - {
  method: 'GET',
  url: '/api/cloudlist?foldall=',
  header: {
    host: 'localhost:3000',
    connection: 'keep-alive',
    accept: 'application/json, text/plain, */*',
    skyauth: 'auteyJhbGciOiJIUzI1NiIsInR5cCI6IkpXVCJ9.eyJ1c2VyIjoidGVzdDExMSIsImlhdCI6MTU4ODIzNjY4MSwiZXhwIjoxNTg4MjM3MjgxfQ.VuVR2ZmaRN4HiDB9ZpKOEvaTvE4WbxAAtSvp5BFCYDU',
    'user-agent': 'Mozilla/5.0 (Windows NT 10.0; Win64; x64) AppleWebKit/537.36 (KHTML, like Gecko) Chrome/81.0.4044.129 Safari/537.36',
    authid: 'ati5ea2a5b124b3ce134c16fa6e',
    origin: 'http://localhost:8081',
    'sec-fetch-site': 'same-site',
    'sec-fetch-mode': 'cors',
    'sec-fetch-dest': 'empty',
    referer: 'http://localhost:8081/cloud',
    'accept-encoding': 'gzip, deflate, br',
    'accept-language': 'zh-CN,zh;q=0.9,en;q=0.8',
    cookie: '49BAC005-7D5B-4231-8CEA-16939BEACD67=root; Admin-Token=admin-token; size=small; sidebarStatus=1; mt-session=s%3AxiYsoSUCdICYmN9YbdDy3cYl-Wb5QrJX.6Dl06nxyF2dR9Rjge2ECvl2WIJt6uCZ4HBGx79vBLOU'
  }
}
[2020-04-30T16:54:53.231] [INFO] default - {
  method: 'GET',
  url: '/api/cloudlist?foldall=',
  header: {
    host: 'localhost:3000',
    connection: 'keep-alive',
    accept: 'application/json, text/plain, */*',
    skyauth: 'auteyJhbGciOiJIUzI1NiIsInR5cCI6IkpXVCJ9.eyJ1c2VyIjoidGVzdDExMSIsImlhdCI6MTU4ODIzNjY4MSwiZXhwIjoxNTg4MjM3MjgxfQ.VuVR2ZmaRN4HiDB9ZpKOEvaTvE4WbxAAtSvp5BFCYDU',
    'user-agent': 'Mozilla/5.0 (Windows NT 10.0; Win64; x64) AppleWebKit/537.36 (KHTML, like Gecko) Chrome/81.0.4044.129 Safari/537.36',
    authid: 'ati5ea2a5b124b3ce134c16fa6e',
    origin: 'http://localhost:8081',
    'sec-fetch-site': 'same-site',
    'sec-fetch-mode': 'cors',
    'sec-fetch-dest': 'empty',
    referer: 'http://localhost:8081/cloud',
    'accept-encoding': 'gzip, deflate, br',
    'accept-language': 'zh-CN,zh;q=0.9,en;q=0.8',
    cookie: '49BAC005-7D5B-4231-8CEA-16939BEACD67=root; Admin-Token=admin-token; size=small; sidebarStatus=1; mt-session=s%3AxiYsoSUCdICYmN9YbdDy3cYl-Wb5QrJX.6Dl06nxyF2dR9Rjge2ECvl2WIJt6uCZ4HBGx79vBLOU'
  }
}
[2020-04-30T16:55:08.658] [INFO] default - {
  method: 'GET',
  url: '/api/cloudlist?foldId=5ea2ad9d171ac6428c28aa07',
  header: {
    host: 'localhost:3000',
    connection: 'keep-alive',
    accept: 'application/json, text/plain, */*',
    skyauth: 'auteyJhbGciOiJIUzI1NiIsInR5cCI6IkpXVCJ9.eyJ1c2VyIjoidGVzdDExMSIsImlhdCI6MTU4ODIzNjY4MSwiZXhwIjoxNTg4MjM3MjgxfQ.VuVR2ZmaRN4HiDB9ZpKOEvaTvE4WbxAAtSvp5BFCYDU',
    'user-agent': 'Mozilla/5.0 (Windows NT 10.0; Win64; x64) AppleWebKit/537.36 (KHTML, like Gecko) Chrome/81.0.4044.129 Safari/537.36',
    authid: 'ati5ea2a5b124b3ce134c16fa6e',
    origin: 'http://localhost:8081',
    'sec-fetch-site': 'same-site',
    'sec-fetch-mode': 'cors',
    'sec-fetch-dest': 'empty',
    referer: 'http://localhost:8081/cloud',
    'accept-encoding': 'gzip, deflate, br',
    'accept-language': 'zh-CN,zh;q=0.9,en;q=0.8',
    cookie: '49BAC005-7D5B-4231-8CEA-16939BEACD67=root; Admin-Token=admin-token; size=small; sidebarStatus=1; mt-session=s%3AxiYsoSUCdICYmN9YbdDy3cYl-Wb5QrJX.6Dl06nxyF2dR9Rjge2ECvl2WIJt6uCZ4HBGx79vBLOU'
  }
}
[2020-04-30T16:55:12.522] [INFO] default - {
  method: 'POST',
  url: '/api/addfold',
  header: {
    host: 'localhost:3000',
    connection: 'keep-alive',
    'content-length': '97',
    accept: 'application/json, text/plain, */*',
    skyauth: 'auteyJhbGciOiJIUzI1NiIsInR5cCI6IkpXVCJ9.eyJ1c2VyIjoidGVzdDExMSIsImlhdCI6MTU4ODIzNjY4MSwiZXhwIjoxNTg4MjM3MjgxfQ.VuVR2ZmaRN4HiDB9ZpKOEvaTvE4WbxAAtSvp5BFCYDU',
    authid: 'ati5ea2a5b124b3ce134c16fa6e',
    'user-agent': 'Mozilla/5.0 (Windows NT 10.0; Win64; x64) AppleWebKit/537.36 (KHTML, like Gecko) Chrome/81.0.4044.129 Safari/537.36',
    'content-type': 'application/json;charset=UTF-8',
    origin: 'http://localhost:8081',
    'sec-fetch-site': 'same-site',
    'sec-fetch-mode': 'cors',
    'sec-fetch-dest': 'empty',
    referer: 'http://localhost:8081/cloud',
    'accept-encoding': 'gzip, deflate, br',
    'accept-language': 'zh-CN,zh;q=0.9,en;q=0.8',
    cookie: '49BAC005-7D5B-4231-8CEA-16939BEACD67=root; Admin-Token=admin-token; size=small; sidebarStatus=1; mt-session=s%3AxiYsoSUCdICYmN9YbdDy3cYl-Wb5QrJX.6Dl06nxyF2dR9Rjge2ECvl2WIJt6uCZ4HBGx79vBLOU'
  }
}
[2020-04-30T16:55:12.540] [INFO] default - {
  method: 'GET',
  url: '/api/cloudlist?foldId=5ea2ad9d171ac6428c28aa07',
  header: {
    host: 'localhost:3000',
    connection: 'keep-alive',
    accept: 'application/json, text/plain, */*',
    skyauth: 'auteyJhbGciOiJIUzI1NiIsInR5cCI6IkpXVCJ9.eyJ1c2VyIjoidGVzdDExMSIsImlhdCI6MTU4ODIzNjY4MSwiZXhwIjoxNTg4MjM3MjgxfQ.VuVR2ZmaRN4HiDB9ZpKOEvaTvE4WbxAAtSvp5BFCYDU',
    'user-agent': 'Mozilla/5.0 (Windows NT 10.0; Win64; x64) AppleWebKit/537.36 (KHTML, like Gecko) Chrome/81.0.4044.129 Safari/537.36',
    authid: 'ati5ea2a5b124b3ce134c16fa6e',
    origin: 'http://localhost:8081',
    'sec-fetch-site': 'same-site',
    'sec-fetch-mode': 'cors',
    'sec-fetch-dest': 'empty',
    referer: 'http://localhost:8081/cloud',
    'accept-encoding': 'gzip, deflate, br',
    'accept-language': 'zh-CN,zh;q=0.9,en;q=0.8',
    cookie: '49BAC005-7D5B-4231-8CEA-16939BEACD67=root; Admin-Token=admin-token; size=small; sidebarStatus=1; mt-session=s%3AxiYsoSUCdICYmN9YbdDy3cYl-Wb5QrJX.6Dl06nxyF2dR9Rjge2ECvl2WIJt6uCZ4HBGx79vBLOU'
  }
}
[2020-04-30T16:55:13.793] [INFO] default - {
  method: 'GET',
  url: '/api/cloudlist?foldId=5ea2ad9d171ac6428c28aa07',
  header: {
    host: 'localhost:3000',
    connection: 'keep-alive',
    accept: 'application/json, text/plain, */*',
    skyauth: 'auteyJhbGciOiJIUzI1NiIsInR5cCI6IkpXVCJ9.eyJ1c2VyIjoidGVzdDExMSIsImlhdCI6MTU4ODIzNjY4MSwiZXhwIjoxNTg4MjM3MjgxfQ.VuVR2ZmaRN4HiDB9ZpKOEvaTvE4WbxAAtSvp5BFCYDU',
    'user-agent': 'Mozilla/5.0 (Windows NT 10.0; Win64; x64) AppleWebKit/537.36 (KHTML, like Gecko) Chrome/81.0.4044.129 Safari/537.36',
    authid: 'ati5ea2a5b124b3ce134c16fa6e',
    origin: 'http://localhost:8081',
    'sec-fetch-site': 'same-site',
    'sec-fetch-mode': 'cors',
    'sec-fetch-dest': 'empty',
    referer: 'http://localhost:8081/cloud',
    'accept-encoding': 'gzip, deflate, br',
    'accept-language': 'zh-CN,zh;q=0.9,en;q=0.8',
    cookie: '49BAC005-7D5B-4231-8CEA-16939BEACD67=root; Admin-Token=admin-token; size=small; sidebarStatus=1; mt-session=s%3AxiYsoSUCdICYmN9YbdDy3cYl-Wb5QrJX.6Dl06nxyF2dR9Rjge2ECvl2WIJt6uCZ4HBGx79vBLOU'
  }
}
[2020-04-30T16:55:14.395] [INFO] default - {
  method: 'GET',
  url: '/api/cloudlist?foldId=',
  header: {
    host: 'localhost:3000',
    connection: 'keep-alive',
    accept: 'application/json, text/plain, */*',
    skyauth: 'auteyJhbGciOiJIUzI1NiIsInR5cCI6IkpXVCJ9.eyJ1c2VyIjoidGVzdDExMSIsImlhdCI6MTU4ODIzNjY4MSwiZXhwIjoxNTg4MjM3MjgxfQ.VuVR2ZmaRN4HiDB9ZpKOEvaTvE4WbxAAtSvp5BFCYDU',
    'user-agent': 'Mozilla/5.0 (Windows NT 10.0; Win64; x64) AppleWebKit/537.36 (KHTML, like Gecko) Chrome/81.0.4044.129 Safari/537.36',
    authid: 'ati5ea2a5b124b3ce134c16fa6e',
    origin: 'http://localhost:8081',
    'sec-fetch-site': 'same-site',
    'sec-fetch-mode': 'cors',
    'sec-fetch-dest': 'empty',
    referer: 'http://localhost:8081/cloud',
    'accept-encoding': 'gzip, deflate, br',
    'accept-language': 'zh-CN,zh;q=0.9,en;q=0.8',
    cookie: '49BAC005-7D5B-4231-8CEA-16939BEACD67=root; Admin-Token=admin-token; size=small; sidebarStatus=1; mt-session=s%3AxiYsoSUCdICYmN9YbdDy3cYl-Wb5QrJX.6Dl06nxyF2dR9Rjge2ECvl2WIJt6uCZ4HBGx79vBLOU'
  }
}
[2020-04-30T16:55:22.136] [INFO] default - {
  method: 'GET',
  url: '/api/cloudlist?foldall=',
  header: {
    host: 'localhost:3000',
    connection: 'keep-alive',
    accept: 'application/json, text/plain, */*',
    skyauth: 'auteyJhbGciOiJIUzI1NiIsInR5cCI6IkpXVCJ9.eyJ1c2VyIjoidGVzdDExMSIsImlhdCI6MTU4ODIzNjY4MSwiZXhwIjoxNTg4MjM3MjgxfQ.VuVR2ZmaRN4HiDB9ZpKOEvaTvE4WbxAAtSvp5BFCYDU',
    'user-agent': 'Mozilla/5.0 (Windows NT 10.0; Win64; x64) AppleWebKit/537.36 (KHTML, like Gecko) Chrome/81.0.4044.129 Safari/537.36',
    authid: 'ati5ea2a5b124b3ce134c16fa6e',
    origin: 'http://localhost:8081',
    'sec-fetch-site': 'same-site',
    'sec-fetch-mode': 'cors',
    'sec-fetch-dest': 'empty',
    referer: 'http://localhost:8081/cloud',
    'accept-encoding': 'gzip, deflate, br',
    'accept-language': 'zh-CN,zh;q=0.9,en;q=0.8',
    cookie: '49BAC005-7D5B-4231-8CEA-16939BEACD67=root; Admin-Token=admin-token; size=small; sidebarStatus=1; mt-session=s%3AxiYsoSUCdICYmN9YbdDy3cYl-Wb5QrJX.6Dl06nxyF2dR9Rjge2ECvl2WIJt6uCZ4HBGx79vBLOU'
  }
}
[2020-04-30T16:55:46.572] [INFO] default - {
  method: 'POST',
  url: '/api/movelist',
  header: {
    host: 'localhost:3000',
    connection: 'keep-alive',
    'content-length': '139',
    accept: 'application/json, text/plain, */*',
    skyauth: 'auteyJhbGciOiJIUzI1NiIsInR5cCI6IkpXVCJ9.eyJ1c2VyIjoidGVzdDExMSIsImlhdCI6MTU4ODIzNjY4MSwiZXhwIjoxNTg4MjM3MjgxfQ.VuVR2ZmaRN4HiDB9ZpKOEvaTvE4WbxAAtSvp5BFCYDU',
    authid: 'ati5ea2a5b124b3ce134c16fa6e',
    'user-agent': 'Mozilla/5.0 (Windows NT 10.0; Win64; x64) AppleWebKit/537.36 (KHTML, like Gecko) Chrome/81.0.4044.129 Safari/537.36',
    'content-type': 'application/json;charset=UTF-8',
    origin: 'http://localhost:8081',
    'sec-fetch-site': 'same-site',
    'sec-fetch-mode': 'cors',
    'sec-fetch-dest': 'empty',
    referer: 'http://localhost:8081/cloud',
    'accept-encoding': 'gzip, deflate, br',
    'accept-language': 'zh-CN,zh;q=0.9,en;q=0.8',
    cookie: '49BAC005-7D5B-4231-8CEA-16939BEACD67=root; Admin-Token=admin-token; size=small; sidebarStatus=1; mt-session=s%3AxiYsoSUCdICYmN9YbdDy3cYl-Wb5QrJX.6Dl06nxyF2dR9Rjge2ECvl2WIJt6uCZ4HBGx79vBLOU'
  }
}
[2020-04-30T16:55:46.615] [INFO] default - {
  method: 'GET',
  url: '/api/cloudlist?foldId=',
  header: {
    host: 'localhost:3000',
    connection: 'keep-alive',
    accept: 'application/json, text/plain, */*',
    skyauth: 'auteyJhbGciOiJIUzI1NiIsInR5cCI6IkpXVCJ9.eyJ1c2VyIjoidGVzdDExMSIsImlhdCI6MTU4ODIzNjY4MSwiZXhwIjoxNTg4MjM3MjgxfQ.VuVR2ZmaRN4HiDB9ZpKOEvaTvE4WbxAAtSvp5BFCYDU',
    'user-agent': 'Mozilla/5.0 (Windows NT 10.0; Win64; x64) AppleWebKit/537.36 (KHTML, like Gecko) Chrome/81.0.4044.129 Safari/537.36',
    authid: 'ati5ea2a5b124b3ce134c16fa6e',
    origin: 'http://localhost:8081',
    'sec-fetch-site': 'same-site',
    'sec-fetch-mode': 'cors',
    'sec-fetch-dest': 'empty',
    referer: 'http://localhost:8081/cloud',
    'accept-encoding': 'gzip, deflate, br',
    'accept-language': 'zh-CN,zh;q=0.9,en;q=0.8',
    cookie: '49BAC005-7D5B-4231-8CEA-16939BEACD67=root; Admin-Token=admin-token; size=small; sidebarStatus=1; mt-session=s%3AxiYsoSUCdICYmN9YbdDy3cYl-Wb5QrJX.6Dl06nxyF2dR9Rjge2ECvl2WIJt6uCZ4HBGx79vBLOU'
  }
}
[2020-04-30T16:55:51.770] [INFO] default - {
  method: 'GET',
  url: '/api/cloudlist?foldId=',
  header: {
    host: 'localhost:3000',
    connection: 'keep-alive',
    accept: 'application/json, text/plain, */*',
    skyauth: 'auteyJhbGciOiJIUzI1NiIsInR5cCI6IkpXVCJ9.eyJ1c2VyIjoidGVzdDExMSIsImlhdCI6MTU4ODIzNjY4MSwiZXhwIjoxNTg4MjM3MjgxfQ.VuVR2ZmaRN4HiDB9ZpKOEvaTvE4WbxAAtSvp5BFCYDU',
    'user-agent': 'Mozilla/5.0 (Windows NT 10.0; Win64; x64) AppleWebKit/537.36 (KHTML, like Gecko) Chrome/81.0.4044.129 Safari/537.36',
    authid: 'ati5ea2a5b124b3ce134c16fa6e',
    origin: 'http://localhost:8081',
    'sec-fetch-site': 'same-site',
    'sec-fetch-mode': 'cors',
    'sec-fetch-dest': 'empty',
    referer: 'http://localhost:8081/cloud',
    'accept-encoding': 'gzip, deflate, br',
    'accept-language': 'zh-CN,zh;q=0.9,en;q=0.8',
    cookie: '49BAC005-7D5B-4231-8CEA-16939BEACD67=root; Admin-Token=admin-token; size=small; sidebarStatus=1; mt-session=s%3AxiYsoSUCdICYmN9YbdDy3cYl-Wb5QrJX.6Dl06nxyF2dR9Rjge2ECvl2WIJt6uCZ4HBGx79vBLOU'
  }
}
[2020-04-30T16:55:53.653] [INFO] default - {
  method: 'GET',
  url: '/api/cloudlist?foldId=',
  header: {
    host: 'localhost:3000',
    connection: 'keep-alive',
    accept: 'application/json, text/plain, */*',
    skyauth: 'auteyJhbGciOiJIUzI1NiIsInR5cCI6IkpXVCJ9.eyJ1c2VyIjoidGVzdDExMSIsImlhdCI6MTU4ODIzNjY4MSwiZXhwIjoxNTg4MjM3MjgxfQ.VuVR2ZmaRN4HiDB9ZpKOEvaTvE4WbxAAtSvp5BFCYDU',
    'user-agent': 'Mozilla/5.0 (Windows NT 10.0; Win64; x64) AppleWebKit/537.36 (KHTML, like Gecko) Chrome/81.0.4044.129 Safari/537.36',
    authid: 'ati5ea2a5b124b3ce134c16fa6e',
    origin: 'http://localhost:8081',
    'sec-fetch-site': 'same-site',
    'sec-fetch-mode': 'cors',
    'sec-fetch-dest': 'empty',
    referer: 'http://localhost:8081/cloud',
    'accept-encoding': 'gzip, deflate, br',
    'accept-language': 'zh-CN,zh;q=0.9,en;q=0.8',
    cookie: '49BAC005-7D5B-4231-8CEA-16939BEACD67=root; Admin-Token=admin-token; size=small; sidebarStatus=1; mt-session=s%3AxiYsoSUCdICYmN9YbdDy3cYl-Wb5QrJX.6Dl06nxyF2dR9Rjge2ECvl2WIJt6uCZ4HBGx79vBLOU'
  }
}
[2020-04-30T16:56:30.385] [INFO] default - {
  method: 'GET',
  url: '/api/cloudlist?foldId=',
  header: {
    host: 'localhost:3000',
    connection: 'keep-alive',
    accept: 'application/json, text/plain, */*',
    skyauth: 'auteyJhbGciOiJIUzI1NiIsInR5cCI6IkpXVCJ9.eyJ1c2VyIjoidGVzdDExMSIsImlhdCI6MTU4ODIzNjY4MSwiZXhwIjoxNTg4MjM3MjgxfQ.VuVR2ZmaRN4HiDB9ZpKOEvaTvE4WbxAAtSvp5BFCYDU',
    'user-agent': 'Mozilla/5.0 (Windows NT 10.0; Win64; x64) AppleWebKit/537.36 (KHTML, like Gecko) Chrome/81.0.4044.129 Safari/537.36',
    authid: 'ati5ea2a5b124b3ce134c16fa6e',
    origin: 'http://localhost:8081',
    'sec-fetch-site': 'same-site',
    'sec-fetch-mode': 'cors',
    'sec-fetch-dest': 'empty',
    referer: 'http://localhost:8081/cloud',
    'accept-encoding': 'gzip, deflate, br',
    'accept-language': 'zh-CN,zh;q=0.9,en;q=0.8',
    cookie: '49BAC005-7D5B-4231-8CEA-16939BEACD67=root; Admin-Token=admin-token; size=small; sidebarStatus=1; mt-session=s%3AxiYsoSUCdICYmN9YbdDy3cYl-Wb5QrJX.6Dl06nxyF2dR9Rjge2ECvl2WIJt6uCZ4HBGx79vBLOU'
  }
}
[2020-04-30T16:56:30.959] [INFO] default - {
  method: 'GET',
  url: '/api/cloudlist?foldId=',
  header: {
    host: 'localhost:3000',
    connection: 'keep-alive',
    accept: 'application/json, text/plain, */*',
    skyauth: 'auteyJhbGciOiJIUzI1NiIsInR5cCI6IkpXVCJ9.eyJ1c2VyIjoidGVzdDExMSIsImlhdCI6MTU4ODIzNjY4MSwiZXhwIjoxNTg4MjM3MjgxfQ.VuVR2ZmaRN4HiDB9ZpKOEvaTvE4WbxAAtSvp5BFCYDU',
    'user-agent': 'Mozilla/5.0 (Windows NT 10.0; Win64; x64) AppleWebKit/537.36 (KHTML, like Gecko) Chrome/81.0.4044.129 Safari/537.36',
    authid: 'ati5ea2a5b124b3ce134c16fa6e',
    origin: 'http://localhost:8081',
    'sec-fetch-site': 'same-site',
    'sec-fetch-mode': 'cors',
    'sec-fetch-dest': 'empty',
    referer: 'http://localhost:8081/cloud',
    'accept-encoding': 'gzip, deflate, br',
    'accept-language': 'zh-CN,zh;q=0.9,en;q=0.8',
    cookie: '49BAC005-7D5B-4231-8CEA-16939BEACD67=root; Admin-Token=admin-token; size=small; sidebarStatus=1; mt-session=s%3AxiYsoSUCdICYmN9YbdDy3cYl-Wb5QrJX.6Dl06nxyF2dR9Rjge2ECvl2WIJt6uCZ4HBGx79vBLOU'
  }
}
[2020-04-30T16:56:38.385] [INFO] default - {
  method: 'GET',
  url: '/api/cloudlist?foldId=',
  header: {
    host: 'localhost:3000',
    connection: 'keep-alive',
    accept: 'application/json, text/plain, */*',
    skyauth: 'auteyJhbGciOiJIUzI1NiIsInR5cCI6IkpXVCJ9.eyJ1c2VyIjoidGVzdDExMSIsImlhdCI6MTU4ODIzNjY4MSwiZXhwIjoxNTg4MjM3MjgxfQ.VuVR2ZmaRN4HiDB9ZpKOEvaTvE4WbxAAtSvp5BFCYDU',
    'user-agent': 'Mozilla/5.0 (Windows NT 10.0; Win64; x64) AppleWebKit/537.36 (KHTML, like Gecko) Chrome/81.0.4044.129 Safari/537.36',
    authid: 'ati5ea2a5b124b3ce134c16fa6e',
    origin: 'http://localhost:8081',
    'sec-fetch-site': 'same-site',
    'sec-fetch-mode': 'cors',
    'sec-fetch-dest': 'empty',
    referer: 'http://localhost:8081/cloud',
    'accept-encoding': 'gzip, deflate, br',
    'accept-language': 'zh-CN,zh;q=0.9,en;q=0.8',
    cookie: '49BAC005-7D5B-4231-8CEA-16939BEACD67=root; Admin-Token=admin-token; size=small; sidebarStatus=1; mt-session=s%3AxiYsoSUCdICYmN9YbdDy3cYl-Wb5QrJX.6Dl06nxyF2dR9Rjge2ECvl2WIJt6uCZ4HBGx79vBLOU'
  }
}
[2020-04-30T16:56:38.755] [INFO] default - {
  method: 'GET',
  url: '/api/cloudlist?foldId=',
  header: {
    host: 'localhost:3000',
    connection: 'keep-alive',
    accept: 'application/json, text/plain, */*',
    skyauth: 'auteyJhbGciOiJIUzI1NiIsInR5cCI6IkpXVCJ9.eyJ1c2VyIjoidGVzdDExMSIsImlhdCI6MTU4ODIzNjY4MSwiZXhwIjoxNTg4MjM3MjgxfQ.VuVR2ZmaRN4HiDB9ZpKOEvaTvE4WbxAAtSvp5BFCYDU',
    'user-agent': 'Mozilla/5.0 (Windows NT 10.0; Win64; x64) AppleWebKit/537.36 (KHTML, like Gecko) Chrome/81.0.4044.129 Safari/537.36',
    authid: 'ati5ea2a5b124b3ce134c16fa6e',
    origin: 'http://localhost:8081',
    'sec-fetch-site': 'same-site',
    'sec-fetch-mode': 'cors',
    'sec-fetch-dest': 'empty',
    referer: 'http://localhost:8081/cloud',
    'accept-encoding': 'gzip, deflate, br',
    'accept-language': 'zh-CN,zh;q=0.9,en;q=0.8',
    cookie: '49BAC005-7D5B-4231-8CEA-16939BEACD67=root; Admin-Token=admin-token; size=small; sidebarStatus=1; mt-session=s%3AxiYsoSUCdICYmN9YbdDy3cYl-Wb5QrJX.6Dl06nxyF2dR9Rjge2ECvl2WIJt6uCZ4HBGx79vBLOU'
  }
}
[2020-04-30T16:57:04.983] [INFO] default - {
  method: 'GET',
  url: '/api/cloudlist?foldall=',
  header: {
    host: 'localhost:3000',
    connection: 'keep-alive',
    accept: 'application/json, text/plain, */*',
    skyauth: 'auteyJhbGciOiJIUzI1NiIsInR5cCI6IkpXVCJ9.eyJ1c2VyIjoidGVzdDExMSIsImlhdCI6MTU4ODIzNjY4MSwiZXhwIjoxNTg4MjM3MjgxfQ.VuVR2ZmaRN4HiDB9ZpKOEvaTvE4WbxAAtSvp5BFCYDU',
    'user-agent': 'Mozilla/5.0 (Windows NT 10.0; Win64; x64) AppleWebKit/537.36 (KHTML, like Gecko) Chrome/81.0.4044.129 Safari/537.36',
    authid: 'ati5ea2a5b124b3ce134c16fa6e',
    origin: 'http://localhost:8081',
    'sec-fetch-site': 'same-site',
    'sec-fetch-mode': 'cors',
    'sec-fetch-dest': 'empty',
    referer: 'http://localhost:8081/cloud',
    'accept-encoding': 'gzip, deflate, br',
    'accept-language': 'zh-CN,zh;q=0.9,en;q=0.8',
    cookie: '49BAC005-7D5B-4231-8CEA-16939BEACD67=root; Admin-Token=admin-token; size=small; sidebarStatus=1; mt-session=s%3AxiYsoSUCdICYmN9YbdDy3cYl-Wb5QrJX.6Dl06nxyF2dR9Rjge2ECvl2WIJt6uCZ4HBGx79vBLOU'
  }
}
[2020-04-30T17:12:28.234] [INFO] default - {
  method: 'POST',
  url: '/api/addfold',
  header: {
    host: 'localhost:3000',
    connection: 'keep-alive',
    'content-length': '45',
    accept: 'application/json, text/plain, */*',
    skyauth: 'auteyJhbGciOiJIUzI1NiIsInR5cCI6IkpXVCJ9.eyJ1c2VyIjoidGVzdDExMSIsImlhdCI6MTU4ODIzNjY4MSwiZXhwIjoxNTg4MjM3MjgxfQ.VuVR2ZmaRN4HiDB9ZpKOEvaTvE4WbxAAtSvp5BFCYDU',
    authid: 'ati5ea2a5b124b3ce134c16fa6e',
    'user-agent': 'Mozilla/5.0 (Windows NT 10.0; Win64; x64) AppleWebKit/537.36 (KHTML, like Gecko) Chrome/81.0.4044.129 Safari/537.36',
    'content-type': 'application/json;charset=UTF-8',
    origin: 'http://localhost:8081',
    'sec-fetch-site': 'same-site',
    'sec-fetch-mode': 'cors',
    'sec-fetch-dest': 'empty',
    referer: 'http://localhost:8081/cloud',
    'accept-encoding': 'gzip, deflate, br',
    'accept-language': 'zh-CN,zh;q=0.9,en;q=0.8',
    cookie: '49BAC005-7D5B-4231-8CEA-16939BEACD67=root; Admin-Token=admin-token; size=small; sidebarStatus=1; mt-session=s%3AxiYsoSUCdICYmN9YbdDy3cYl-Wb5QrJX.6Dl06nxyF2dR9Rjge2ECvl2WIJt6uCZ4HBGx79vBLOU'
  }
}
[2020-04-30T17:12:28.252] [INFO] default - {
  method: 'GET',
  url: '/api/cloudlist?foldId=',
  header: {
    host: 'localhost:3000',
    connection: 'keep-alive',
    accept: 'application/json, text/plain, */*',
    skyauth: 'auteyJhbGciOiJIUzI1NiIsInR5cCI6IkpXVCJ9.eyJ1c2VyIjoidGVzdDExMSIsImlhdCI6MTU4ODIzNjY4MSwiZXhwIjoxNTg4MjM3MjgxfQ.VuVR2ZmaRN4HiDB9ZpKOEvaTvE4WbxAAtSvp5BFCYDU',
    'user-agent': 'Mozilla/5.0 (Windows NT 10.0; Win64; x64) AppleWebKit/537.36 (KHTML, like Gecko) Chrome/81.0.4044.129 Safari/537.36',
    authid: 'ati5ea2a5b124b3ce134c16fa6e',
    origin: 'http://localhost:8081',
    'sec-fetch-site': 'same-site',
    'sec-fetch-mode': 'cors',
    'sec-fetch-dest': 'empty',
    referer: 'http://localhost:8081/cloud',
    'accept-encoding': 'gzip, deflate, br',
    'accept-language': 'zh-CN,zh;q=0.9,en;q=0.8',
    cookie: '49BAC005-7D5B-4231-8CEA-16939BEACD67=root; Admin-Token=admin-token; size=small; sidebarStatus=1; mt-session=s%3AxiYsoSUCdICYmN9YbdDy3cYl-Wb5QrJX.6Dl06nxyF2dR9Rjge2ECvl2WIJt6uCZ4HBGx79vBLOU'
  }
}
[2020-04-30T17:12:30.223] [INFO] default - {
  method: 'GET',
  url: '/api/cloudlist?foldId=',
  header: {
    host: 'localhost:3000',
    connection: 'keep-alive',
    accept: 'application/json, text/plain, */*',
    skyauth: 'auteyJhbGciOiJIUzI1NiIsInR5cCI6IkpXVCJ9.eyJ1c2VyIjoidGVzdDExMSIsImlhdCI6MTU4ODIzNjY4MSwiZXhwIjoxNTg4MjM3MjgxfQ.VuVR2ZmaRN4HiDB9ZpKOEvaTvE4WbxAAtSvp5BFCYDU',
    'user-agent': 'Mozilla/5.0 (Windows NT 10.0; Win64; x64) AppleWebKit/537.36 (KHTML, like Gecko) Chrome/81.0.4044.129 Safari/537.36',
    authid: 'ati5ea2a5b124b3ce134c16fa6e',
    origin: 'http://localhost:8081',
    'sec-fetch-site': 'same-site',
    'sec-fetch-mode': 'cors',
    'sec-fetch-dest': 'empty',
    referer: 'http://localhost:8081/cloud',
    'accept-encoding': 'gzip, deflate, br',
    'accept-language': 'zh-CN,zh;q=0.9,en;q=0.8',
    cookie: '49BAC005-7D5B-4231-8CEA-16939BEACD67=root; Admin-Token=admin-token; size=small; sidebarStatus=1; mt-session=s%3AxiYsoSUCdICYmN9YbdDy3cYl-Wb5QrJX.6Dl06nxyF2dR9Rjge2ECvl2WIJt6uCZ4HBGx79vBLOU'
  }
}
[2020-04-30T17:18:55.300] [INFO] default - {
  method: 'POST',
  url: '/api/addfold',
  header: {
    host: 'localhost:3000',
    connection: 'keep-alive',
    'content-length': '45',
    accept: 'application/json, text/plain, */*',
    skyauth: 'auteyJhbGciOiJIUzI1NiIsInR5cCI6IkpXVCJ9.eyJ1c2VyIjoidGVzdDExMSIsImlhdCI6MTU4ODIzNjY4MSwiZXhwIjoxNTg4MjM3MjgxfQ.VuVR2ZmaRN4HiDB9ZpKOEvaTvE4WbxAAtSvp5BFCYDU',
    authid: 'ati5ea2a5b124b3ce134c16fa6e',
    'user-agent': 'Mozilla/5.0 (Windows NT 10.0; Win64; x64) AppleWebKit/537.36 (KHTML, like Gecko) Chrome/81.0.4044.129 Safari/537.36',
    'content-type': 'application/json;charset=UTF-8',
    origin: 'http://localhost:8081',
    'sec-fetch-site': 'same-site',
    'sec-fetch-mode': 'cors',
    'sec-fetch-dest': 'empty',
    referer: 'http://localhost:8081/cloud',
    'accept-encoding': 'gzip, deflate, br',
    'accept-language': 'zh-CN,zh;q=0.9,en;q=0.8',
    cookie: '49BAC005-7D5B-4231-8CEA-16939BEACD67=root; Admin-Token=admin-token; size=small; sidebarStatus=1; mt-session=s%3AxiYsoSUCdICYmN9YbdDy3cYl-Wb5QrJX.6Dl06nxyF2dR9Rjge2ECvl2WIJt6uCZ4HBGx79vBLOU'
  }
}
[2020-04-30T17:19:08.890] [INFO] default - {
  method: 'POST',
  url: '/api/userlogin',
  header: {
    host: 'localhost:3000',
    connection: 'keep-alive',
    'content-length': '35',
    accept: 'application/json, text/plain, */*',
    skyauth: 'aut',
    authid: 'ati',
    'user-agent': 'Mozilla/5.0 (Windows NT 10.0; Win64; x64) AppleWebKit/537.36 (KHTML, like Gecko) Chrome/81.0.4044.129 Safari/537.36',
    'content-type': 'application/json;charset=UTF-8',
    origin: 'http://localhost:8081',
    'sec-fetch-site': 'same-site',
    'sec-fetch-mode': 'cors',
    'sec-fetch-dest': 'empty',
    referer: 'http://localhost:8081/?redirect=%2Fcloud',
    'accept-encoding': 'gzip, deflate, br',
    'accept-language': 'zh-CN,zh;q=0.9,en;q=0.8',
    cookie: '49BAC005-7D5B-4231-8CEA-16939BEACD67=root; Admin-Token=admin-token; size=small; sidebarStatus=1; mt-session=s%3AxiYsoSUCdICYmN9YbdDy3cYl-Wb5QrJX.6Dl06nxyF2dR9Rjge2ECvl2WIJt6uCZ4HBGx79vBLOU'
  }
}
[2020-04-30T17:19:08.941] [INFO] default - {
  method: 'GET',
  url: '/api/cloudlist?foldId=',
  header: {
    host: 'localhost:3000',
    connection: 'keep-alive',
    accept: 'application/json, text/plain, */*',
    skyauth: 'auteyJhbGciOiJIUzI1NiIsInR5cCI6IkpXVCJ9.eyJ1c2VyIjoidGVzdDExMSIsImlhdCI6MTU4ODIzODM0OCwiZXhwIjoxNTg4MjM4OTQ4fQ.H3_FaMcPe63j1wfCj5oxM_WjtKzYUr02CL-hpQTNJyc',
    'user-agent': 'Mozilla/5.0 (Windows NT 10.0; Win64; x64) AppleWebKit/537.36 (KHTML, like Gecko) Chrome/81.0.4044.129 Safari/537.36',
    authid: 'ati5ea2a5b124b3ce134c16fa6e',
    origin: 'http://localhost:8081',
    'sec-fetch-site': 'same-site',
    'sec-fetch-mode': 'cors',
    'sec-fetch-dest': 'empty',
    referer: 'http://localhost:8081/cloud',
    'accept-encoding': 'gzip, deflate, br',
    'accept-language': 'zh-CN,zh;q=0.9,en;q=0.8',
    cookie: '49BAC005-7D5B-4231-8CEA-16939BEACD67=root; Admin-Token=admin-token; size=small; sidebarStatus=1; mt-session=s%3AxiYsoSUCdICYmN9YbdDy3cYl-Wb5QrJX.6Dl06nxyF2dR9Rjge2ECvl2WIJt6uCZ4HBGx79vBLOU'
  }
}
[2020-04-30T17:19:15.232] [INFO] default - {
  method: 'POST',
  url: '/api/addfold',
  header: {
    host: 'localhost:3000',
    connection: 'keep-alive',
    'content-length': '50',
    accept: 'application/json, text/plain, */*',
    skyauth: 'auteyJhbGciOiJIUzI1NiIsInR5cCI6IkpXVCJ9.eyJ1c2VyIjoidGVzdDExMSIsImlhdCI6MTU4ODIzODM0OCwiZXhwIjoxNTg4MjM4OTQ4fQ.H3_FaMcPe63j1wfCj5oxM_WjtKzYUr02CL-hpQTNJyc',
    authid: 'ati5ea2a5b124b3ce134c16fa6e',
    'user-agent': 'Mozilla/5.0 (Windows NT 10.0; Win64; x64) AppleWebKit/537.36 (KHTML, like Gecko) Chrome/81.0.4044.129 Safari/537.36',
    'content-type': 'application/json;charset=UTF-8',
    origin: 'http://localhost:8081',
    'sec-fetch-site': 'same-site',
    'sec-fetch-mode': 'cors',
    'sec-fetch-dest': 'empty',
    referer: 'http://localhost:8081/cloud',
    'accept-encoding': 'gzip, deflate, br',
    'accept-language': 'zh-CN,zh;q=0.9,en;q=0.8',
    cookie: '49BAC005-7D5B-4231-8CEA-16939BEACD67=root; Admin-Token=admin-token; size=small; sidebarStatus=1; mt-session=s%3AxiYsoSUCdICYmN9YbdDy3cYl-Wb5QrJX.6Dl06nxyF2dR9Rjge2ECvl2WIJt6uCZ4HBGx79vBLOU'
  }
}
[2020-04-30T17:19:15.253] [INFO] default - {
  method: 'GET',
  url: '/api/cloudlist?foldId=',
  header: {
    host: 'localhost:3000',
    connection: 'keep-alive',
    accept: 'application/json, text/plain, */*',
    skyauth: 'auteyJhbGciOiJIUzI1NiIsInR5cCI6IkpXVCJ9.eyJ1c2VyIjoidGVzdDExMSIsImlhdCI6MTU4ODIzODM0OCwiZXhwIjoxNTg4MjM4OTQ4fQ.H3_FaMcPe63j1wfCj5oxM_WjtKzYUr02CL-hpQTNJyc',
    'user-agent': 'Mozilla/5.0 (Windows NT 10.0; Win64; x64) AppleWebKit/537.36 (KHTML, like Gecko) Chrome/81.0.4044.129 Safari/537.36',
    authid: 'ati5ea2a5b124b3ce134c16fa6e',
    origin: 'http://localhost:8081',
    'sec-fetch-site': 'same-site',
    'sec-fetch-mode': 'cors',
    'sec-fetch-dest': 'empty',
    referer: 'http://localhost:8081/cloud',
    'accept-encoding': 'gzip, deflate, br',
    'accept-language': 'zh-CN,zh;q=0.9,en;q=0.8',
    cookie: '49BAC005-7D5B-4231-8CEA-16939BEACD67=root; Admin-Token=admin-token; size=small; sidebarStatus=1; mt-session=s%3AxiYsoSUCdICYmN9YbdDy3cYl-Wb5QrJX.6Dl06nxyF2dR9Rjge2ECvl2WIJt6uCZ4HBGx79vBLOU'
  }
}
[2020-04-30T17:28:13.000] [INFO] default - {
  method: 'GET',
  url: '/api/cloudlist?foldId=',
  header: {
    host: 'localhost:3000',
    connection: 'keep-alive',
    accept: 'application/json, text/plain, */*',
    skyauth: 'auteyJhbGciOiJIUzI1NiIsInR5cCI6IkpXVCJ9.eyJ1c2VyIjoidGVzdDExMSIsImlhdCI6MTU4ODIzODM0OCwiZXhwIjoxNTg4MjM4OTQ4fQ.H3_FaMcPe63j1wfCj5oxM_WjtKzYUr02CL-hpQTNJyc',
    'user-agent': 'Mozilla/5.0 (Windows NT 10.0; Win64; x64) AppleWebKit/537.36 (KHTML, like Gecko) Chrome/81.0.4044.129 Safari/537.36',
    authid: 'ati5ea2a5b124b3ce134c16fa6e',
    origin: 'http://localhost:8081',
    'sec-fetch-site': 'same-site',
    'sec-fetch-mode': 'cors',
    'sec-fetch-dest': 'empty',
    referer: 'http://localhost:8081/cloud',
    'accept-encoding': 'gzip, deflate, br',
    'accept-language': 'zh-CN,zh;q=0.9,en;q=0.8',
    cookie: '49BAC005-7D5B-4231-8CEA-16939BEACD67=root; Admin-Token=admin-token; size=small; sidebarStatus=1; mt-session=s%3AxiYsoSUCdICYmN9YbdDy3cYl-Wb5QrJX.6Dl06nxyF2dR9Rjge2ECvl2WIJt6uCZ4HBGx79vBLOU'
  }
}
[2020-04-30T17:28:28.708] [INFO] default - {
  method: 'GET',
  url: '/api/cloudlist?foldId=',
  header: {
    host: 'localhost:3000',
    connection: 'keep-alive',
    accept: 'application/json, text/plain, */*',
    skyauth: 'auteyJhbGciOiJIUzI1NiIsInR5cCI6IkpXVCJ9.eyJ1c2VyIjoidGVzdDExMSIsImlhdCI6MTU4ODIzODM0OCwiZXhwIjoxNTg4MjM4OTQ4fQ.H3_FaMcPe63j1wfCj5oxM_WjtKzYUr02CL-hpQTNJyc',
    'user-agent': 'Mozilla/5.0 (Windows NT 10.0; Win64; x64) AppleWebKit/537.36 (KHTML, like Gecko) Chrome/81.0.4044.129 Safari/537.36',
    authid: 'ati5ea2a5b124b3ce134c16fa6e',
    origin: 'http://localhost:8081',
    'sec-fetch-site': 'same-site',
    'sec-fetch-mode': 'cors',
    'sec-fetch-dest': 'empty',
    referer: 'http://localhost:8081/cloud',
    'accept-encoding': 'gzip, deflate, br',
    'accept-language': 'zh-CN,zh;q=0.9,en;q=0.8',
    cookie: '49BAC005-7D5B-4231-8CEA-16939BEACD67=root; Admin-Token=admin-token; size=small; sidebarStatus=1; mt-session=s%3AxiYsoSUCdICYmN9YbdDy3cYl-Wb5QrJX.6Dl06nxyF2dR9Rjge2ECvl2WIJt6uCZ4HBGx79vBLOU'
  }
}
[2020-04-30T17:31:27.712] [INFO] default - {
  method: 'GET',
  url: '/api/cloudlist?foldId=',
  header: {
    host: 'localhost:3000',
    connection: 'keep-alive',
    accept: 'application/json, text/plain, */*',
    skyauth: 'auteyJhbGciOiJIUzI1NiIsInR5cCI6IkpXVCJ9.eyJ1c2VyIjoidGVzdDExMSIsImlhdCI6MTU4ODIzODM0OCwiZXhwIjoxNTg4MjM4OTQ4fQ.H3_FaMcPe63j1wfCj5oxM_WjtKzYUr02CL-hpQTNJyc',
    'user-agent': 'Mozilla/5.0 (Windows NT 10.0; Win64; x64) AppleWebKit/537.36 (KHTML, like Gecko) Chrome/81.0.4044.129 Safari/537.36',
    authid: 'ati5ea2a5b124b3ce134c16fa6e',
    origin: 'http://localhost:8081',
    'sec-fetch-site': 'same-site',
    'sec-fetch-mode': 'cors',
    'sec-fetch-dest': 'empty',
    referer: 'http://localhost:8081/cloud',
    'accept-encoding': 'gzip, deflate, br',
    'accept-language': 'zh-CN,zh;q=0.9,en;q=0.8',
    cookie: '49BAC005-7D5B-4231-8CEA-16939BEACD67=root; Admin-Token=admin-token; size=small; sidebarStatus=1; mt-session=s%3AxiYsoSUCdICYmN9YbdDy3cYl-Wb5QrJX.6Dl06nxyF2dR9Rjge2ECvl2WIJt6uCZ4HBGx79vBLOU'
  }
}
[2020-04-30T17:34:37.721] [INFO] default - {
  method: 'GET',
  url: '/api/cloudlist?foldId=',
  header: {
    host: 'localhost:3000',
    connection: 'keep-alive',
    accept: 'application/json, text/plain, */*',
    skyauth: 'auteyJhbGciOiJIUzI1NiIsInR5cCI6IkpXVCJ9.eyJ1c2VyIjoidGVzdDExMSIsImlhdCI6MTU4ODIzODM0OCwiZXhwIjoxNTg4MjM4OTQ4fQ.H3_FaMcPe63j1wfCj5oxM_WjtKzYUr02CL-hpQTNJyc',
    'user-agent': 'Mozilla/5.0 (Windows NT 10.0; Win64; x64) AppleWebKit/537.36 (KHTML, like Gecko) Chrome/81.0.4044.129 Safari/537.36',
    authid: 'ati5ea2a5b124b3ce134c16fa6e',
    origin: 'http://localhost:8081',
    'sec-fetch-site': 'same-site',
    'sec-fetch-mode': 'cors',
    'sec-fetch-dest': 'empty',
    referer: 'http://localhost:8081/cloud',
    'accept-encoding': 'gzip, deflate, br',
    'accept-language': 'zh-CN,zh;q=0.9,en;q=0.8',
    cookie: '49BAC005-7D5B-4231-8CEA-16939BEACD67=root; Admin-Token=admin-token; size=small; sidebarStatus=1; mt-session=s%3AxiYsoSUCdICYmN9YbdDy3cYl-Wb5QrJX.6Dl06nxyF2dR9Rjge2ECvl2WIJt6uCZ4HBGx79vBLOU'
  }
}
